[34m2025-01-05 19:54:23[0;39m [1;31mINFO [0;39m c.e.c.Ca3MusicLibraryApplication - Starting Ca3MusicLibraryApplication using Java 21.0.2 with PID 3960 (C:\college\2024-2025_Year3\Web_Patterns\CA3_music_library\target\classes started by user in C:\college\2024-2025_Year3\Web_Patterns\CA3_music_library)

[34m2025-01-05 19:54:23[0;39m [1;31mINFO [0;39m c.e.c.Ca3MusicLibraryApplication - No active profile set, falling back to 1 default profile: "default"

[34m2025-01-05 19:54:25[0;39m [1;31mINFO [0;39m o.s.b.w.e.tomcat.TomcatWebServer - Tomcat initialized with port 8080 (http)

[34m2025-01-05 19:54:25[0;39m [1;31mINFO [0;39m o.a.coyote.http11.Http11NioProtocol - Initializing ProtocolHandler ["http-nio-8080"]

[34m2025-01-05 19:54:25[0;39m [1;31mINFO [0;39m o.a.catalina.core.StandardService - Starting service [Tomcat]

[34m2025-01-05 19:54:25[0;39m [1;31mINFO [0;39m o.a.catalina.core.StandardEngine - Starting Servlet engine: [Apache Tomcat/10.1.34]

[34m2025-01-05 19:54:25[0;39m [1;31mINFO [0;39m o.a.c.c.C.[Tomcat].[localhost].[/] - Initializing Spring embedded WebApplicationContext

[34m2025-01-05 19:54:25[0;39m [1;31mINFO [0;39m o.s.b.w.s.c.ServletWebServerApplicationContext - Root WebApplicationContext: initialization completed in 1624 ms

[34m2025-01-05 19:54:25[0;39m [1;31mINFO [0;39m o.s.b.a.w.s.WelcomePageHandlerMapping - Adding welcome page template: index

[34m2025-01-05 19:54:25[0;39m [1;31mINFO [0;39m o.a.coyote.http11.Http11NioProtocol - Starting ProtocolHandler ["http-nio-8080"]

[34m2025-01-05 19:54:25[0;39m [1;31mINFO [0;39m o.s.b.w.e.tomcat.TomcatWebServer - Tomcat started on port 8080 (http) with context path '/'

[34m2025-01-05 19:54:25[0;39m [1;31mINFO [0;39m c.e.c.Ca3MusicLibraryApplication - Started Ca3MusicLibraryApplication in 3.302 seconds (process running for 4.877)

[34m2025-01-05 19:54:33[0;39m [1;31mINFO [0;39m o.a.c.c.C.[Tomcat].[localhost].[/] - Initializing Spring DispatcherServlet 'dispatcherServlet'

[34m2025-01-05 19:54:33[0;39m [1;31mINFO [0;39m o.s.web.servlet.DispatcherServlet - Initializing Servlet 'dispatcherServlet'

[34m2025-01-05 19:54:33[0;39m [1;31mINFO [0;39m o.s.web.servlet.DispatcherServlet - Completed initialization in 4 ms

[34m2025-01-05 19:54:40[0;39m [1;31mERROR[0;39m org.thymeleaf.TemplateEngine - [THYMELEAF][http-nio-8080-exec-5] Exception processing template "songs": Exception evaluating SpringEL expression: "song.artistId" (template: "songs" - line 23, col 13)
org.thymeleaf.exceptions.TemplateProcessingException: Exception evaluating SpringEL expression: "song.artistId" (template: "songs" - line 23, col 13)
	at org.thymeleaf.spring6.expression.SPELVariableExpressionEvaluator.evaluate(SPELVariableExpressionEvaluator.java:292)
Caused by: org.springframework.expression.spel.SpelEvaluationException: EL1008E: Property or field 'artistId' cannot be found on object of type 'com.example.ca3_music_library.business.Song' - maybe not public or not valid?
	at org.springframework.expression.spel.ast.PropertyOrFieldReference.readProperty(PropertyOrFieldReference.java:229)

[34m2025-01-05 19:54:40[0;39m [1;31mERROR[0;39m o.a.c.c.C.[.[.[.[dispatcherServlet] - Servlet.service() for servlet [dispatcherServlet] in context with path [] threw exception [Request processing failed: org.thymeleaf.exceptions.TemplateProcessingException: Exception evaluating SpringEL expression: "song.artistId" (template: "songs" - line 23, col 13)] with root cause
org.springframework.expression.spel.SpelEvaluationException: EL1008E: Property or field 'artistId' cannot be found on object of type 'com.example.ca3_music_library.business.Song' - maybe not public or not valid?
	at org.springframework.expression.spel.ast.PropertyOrFieldReference.readProperty(PropertyOrFieldReference.java:229)

[34m2025-01-05 19:54:44[0;39m [1;31mERROR[0;39m org.thymeleaf.TemplateEngine - [THYMELEAF][http-nio-8080-exec-7] Exception processing template "songs": Exception evaluating SpringEL expression: "song.artistId" (template: "songs" - line 23, col 13)
org.thymeleaf.exceptions.TemplateProcessingException: Exception evaluating SpringEL expression: "song.artistId" (template: "songs" - line 23, col 13)
	at org.thymeleaf.spring6.expression.SPELVariableExpressionEvaluator.evaluate(SPELVariableExpressionEvaluator.java:292)
Caused by: org.springframework.expression.spel.SpelEvaluationException: EL1008E: Property or field 'artistId' cannot be found on object of type 'com.example.ca3_music_library.business.Song' - maybe not public or not valid?
	at org.springframework.expression.spel.ast.PropertyOrFieldReference.readProperty(PropertyOrFieldReference.java:229)

[34m2025-01-05 19:54:44[0;39m [1;31mERROR[0;39m o.a.c.c.C.[.[.[.[dispatcherServlet] - Servlet.service() for servlet [dispatcherServlet] in context with path [] threw exception [Request processing failed: org.thymeleaf.exceptions.TemplateProcessingException: Exception evaluating SpringEL expression: "song.artistId" (template: "songs" - line 23, col 13)] with root cause
org.springframework.expression.spel.SpelEvaluationException: EL1008E: Property or field 'artistId' cannot be found on object of type 'com.example.ca3_music_library.business.Song' - maybe not public or not valid?
	at org.springframework.expression.spel.ast.PropertyOrFieldReference.readProperty(PropertyOrFieldReference.java:229)

[34m2025-01-05 19:55:43[0;39m [1;31mERROR[0;39m o.a.c.c.C.[.[.[.[dispatcherServlet] - Servlet.service() for servlet [dispatcherServlet] in context with path [] threw exception [Request processing failed: java.lang.NullPointerException: Cannot invoke "java.net.URL.getPath()" because the return value of "java.lang.ClassLoader.getResource(String)" is null] with root cause
java.lang.NullPointerException: Cannot invoke "java.net.URL.getPath()" because the return value of "java.lang.ClassLoader.getResource(String)" is null
	at com.example.ca3_music_library.Persistence.MySQLDao.<init>(MySQLDao.java:55)

[34m2025-01-05 20:01:19[0;39m [1;31mINFO [0;39m o.s.b.w.e.tomcat.GracefulShutdown - Commencing graceful shutdown. Waiting for active requests to complete

[34m2025-01-05 20:01:19[0;39m [1;31mINFO [0;39m o.s.b.w.e.tomcat.GracefulShutdown - Graceful shutdown complete

